[2025-06-07 23:02:52,207] INFO in routes: Incoming Request: POST http://localhost:5000/analyze
[2025-06-07 23:02:52,212] INFO in routes: Request JSON: {'resumeText': '\n\nResume Analysis Report\nSpacy Score: 77.62\nJaccard Score: 0.66 \nSummary: \nThe resume has a good length, suggesting sufficient detail. The resume\ndemonstrates skills like: experience.\nMatched Skills: experience \nTop Keywords: \nstudent (5)\nuniversity (4)\nNamed Entities: \nMicrosoft (ORG)\nLA (GPE)\nSoutheastern Louisiana University (ORG)\n• \n• \n• \n• \n• ', 'jobDescription': 'a'}
[2025-06-07 23:02:52,659] INFO in routes: Response Status: 200 OK
[2025-06-07 23:02:52,661] INFO in routes: Response Data: {
  "atsCompatible": true,
  "extractedSkillsFromJD": [],
  "formatIssues": [
    "Mixed fonts detected",
    "Missing summary section"
  ],
  "jaccardScore": 0.0,
  "matchScore": 20,
  "matchedSkills": [],
  "missingSkills": [],
  "namedEntities": [
    [
      "Spacy Score",
      "WORK_OF_ART"
    ],
    [
      "77.62",
      "CARDINAL"
    ],
    [
      "Jaccard Score",
      "ORG"
    ],
    [
      "0.66",
      "CARDINAL"
    ],
    [
      "5",
      "CARDINAL"
    ],
    [
      "4",
      "CARDINAL"
    ],
    [
      "Microsoft (ORG",
      "ORG"
    ],
    [
      "LA",
      "GPE"
    ],
    [
      "GPE",
      "ORG"
    ],
    [
      "Southeastern Louisiana University (ORG",
      "ORG"
    ],
    [
      "\u2022",
      "CARDINAL"
    ],
    [
      "\u2022",
      "CARDINAL"
    ],
    [
      "\u2022",
      "CARDINAL"
    ],
    [
      "\u2022",
      "CARDINAL"
    ],
    [
      "\u2022",
      "CARDINAL"
    ]
  ],
  "sectionScores": {
    "content": 40,
    "format": 50,
    "sections": 90,
    "style": 50,
    "tailoring": 47
  },
  "spacyScore": 39.09,
  "summaryText": "The resume is quite short. Consider adding more projects or experiences.",
  "topKeywords": [
    [
      "resume",
      3
    ],
    [
      "score",
      2
    ],
    [
      "skill",
      2
    ],
    [
      "experience",
      2
    ],
    [
      "university",
      2
    ],
    [
      "org",
      2
    ],
    [
      "analysis",
      1
    ],
    [
      "report",
      1
    ],
    [
      "spacy",
      1
    ],
    [
      "jaccard",
      1
    ]
  ],
  "wordCount": 40
}

[2025-06-07 23:11:00,711] INFO in routes: Incoming Request: POST http://localhost:5000/analyze
[2025-06-07 23:11:00,711] INFO in routes: Request JSON: {'resumeText': '\n\nResume Analysis Report\nSpacy Score: 77.62\nJaccard Score: 0.66 \nSummary: \nThe resume has a good length, suggesting sufficient detail. The resume\ndemonstrates skills like: experience.\nMatched Skills: experience \nTop Keywords: \nstudent (5)\nuniversity (4)\nNamed Entities: \nMicrosoft (ORG)\nLA (GPE)\nSoutheastern Louisiana University (ORG)\n• \n• \n• \n• \n• ', 'jobDescription': 'a'}
[2025-06-07 23:11:01,176] INFO in routes: Response Status: 200 OK
[2025-06-07 23:11:01,178] INFO in routes: Response Data: {
  "atsCompatible": true,
  "extractedSkillsFromJD": [],
  "formatIssues": [
    "Mixed fonts detected",
    "Missing summary section"
  ],
  "jaccardScore": 0.0,
  "matchScore": 20,
  "matchedSkills": [],
  "missingSkills": [],
  "namedEntities": [
    [
      "Spacy Score",
      "WORK_OF_ART"
    ],
    [
      "77.62",
      "CARDINAL"
    ],
    [
      "Jaccard Score",
      "ORG"
    ],
    [
      "0.66",
      "CARDINAL"
    ],
    [
      "5",
      "CARDINAL"
    ],
    [
      "4",
      "CARDINAL"
    ],
    [
      "Microsoft (ORG",
      "ORG"
    ],
    [
      "LA",
      "GPE"
    ],
    [
      "GPE",
      "ORG"
    ],
    [
      "Southeastern Louisiana University (ORG",
      "ORG"
    ],
    [
      "\u2022",
      "CARDINAL"
    ],
    [
      "\u2022",
      "CARDINAL"
    ],
    [
      "\u2022",
      "CARDINAL"
    ],
    [
      "\u2022",
      "CARDINAL"
    ],
    [
      "\u2022",
      "CARDINAL"
    ]
  ],
  "sectionScores": {
    "content": 40,
    "format": 50,
    "sections": 90,
    "style": 50,
    "tailoring": 47
  },
  "spacyScore": 39.09,
  "summaryText": "The resume is quite short. Consider adding more projects or experiences.",
  "topKeywords": [
    [
      "resume",
      3
    ],
    [
      "score",
      2
    ],
    [
      "skill",
      2
    ],
    [
      "experience",
      2
    ],
    [
      "university",
      2
    ],
    [
      "org",
      2
    ],
    [
      "analysis",
      1
    ],
    [
      "report",
      1
    ],
    [
      "spacy",
      1
    ],
    [
      "jaccard",
      1
    ]
  ],
  "wordCount": 40
}

[2025-06-07 23:15:08,860] INFO in routes: Incoming Request: POST http://localhost:5000/analyze
[2025-06-07 23:15:10,778] INFO in routes: Response Status: 200 OK
[2025-06-07 23:15:10,779] INFO in routes: Response Data: {
  "atsCompatible": true,
  "extractedSkillsFromJD": [],
  "formatIssues": [
    "Mixed fonts detected",
    "Missing summary section"
  ],
  "jaccardScore": 0.0,
  "matchScore": 31,
  "matchedSkills": [],
  "missingSkills": [],
  "namedEntities": [
    [
      "First & Last Name",
      "ORG"
    ],
    [
      "Professional Email   Address \u2022 Phone Number \u2022 Portfolio",
      "ORG"
    ],
    [
      "LinkedIn Address (Optional",
      "ORG"
    ],
    [
      "Southeastern Louisiana",
      "LOC"
    ],
    [
      "UniversityCity",
      "ORG"
    ],
    [
      "State",
      "ORG"
    ],
    [
      "Scie nce",
      "PERSON"
    ],
    [
      "MajorMonth",
      "EVENT"
    ],
    [
      "Minor",
      "PERSON"
    ],
    [
      "X.XX/4.00\nRela te d",
      "PERSON"
    ],
    [
      "State",
      "ORG"
    ],
    [
      "TitleMonth Year - Month Year",
      "DATE"
    ],
    [
      "3",
      "CARDINAL"
    ],
    [
      "rela te",
      "PERSON"
    ],
    [
      "TitleMonth Year - Month Year",
      "DATE"
    ],
    [
      "ProjectCity",
      "ORG"
    ],
    [
      "CourseMonth Year",
      "DATE"
    ],
    [
      "3",
      "CARDINAL"
    ],
    [
      "CAMPUS & COMMUNITY INVOLVEMENT\n",
      "ORG"
    ],
    [
      "Club/Organization",
      "ORG"
    ],
    [
      "2",
      "CARDINAL"
    ],
    [
      "desc",
      "ORG"
    ],
    [
      "ribe",
      "ORG"
    ],
    [
      "ga",
      "ORG"
    ],
    [
      "Simila",
      "PERSON"
    ],
    [
      "Skill 1\u25cfSkill 3\u25cfSkill 5",
      "WORK_OF_ART"
    ],
    [
      "Skill 2\u25cf",
      "LAW"
    ],
    [
      "Month",
      "DATE"
    ],
    [
      "Year",
      "DATE"
    ]
  ],
  "sectionScores": {
    "content": 40,
    "format": 70,
    "sections": 100,
    "style": 50,
    "tailoring": 75
  },
  "spacyScore": 62.29,
  "summaryText": "Your resume is well-structured",
  "topKeywords": [
    [
      "skill",
      14
    ],
    [
      "year",
      9
    ],
    [
      "state",
      8
    ],
    [
      "bullet",
      7
    ],
    [
      "point",
      7
    ],
    [
      "project",
      6
    ],
    [
      "experience",
      4
    ],
    [
      "month",
      4
    ],
    [
      "action",
      4
    ],
    [
      "verb",
      4
    ]
  ],
  "wordCount": 396
}

[2025-06-07 23:16:19,527] INFO in routes: Incoming Request: POST http://localhost:5000/analyze
[2025-06-07 23:16:21,897] INFO in routes: Response Status: 200 OK
[2025-06-07 23:16:21,899] INFO in routes: Response Data: {
  "atsCompatible": true,
  "extractedSkillsFromJD": [],
  "formatIssues": [
    "Mixed fonts detected",
    "Missing summary section"
  ],
  "jaccardScore": 0.0,
  "matchScore": 31,
  "matchedSkills": [],
  "missingSkills": [],
  "namedEntities": [
    [
      "First & Last Name",
      "ORG"
    ],
    [
      "Professional Email   Address \u2022 Phone Number \u2022 Portfolio",
      "ORG"
    ],
    [
      "LinkedIn Address (Optional",
      "ORG"
    ],
    [
      "Southeastern Louisiana",
      "LOC"
    ],
    [
      "UniversityCity",
      "ORG"
    ],
    [
      "State",
      "ORG"
    ],
    [
      "Scie nce",
      "PERSON"
    ],
    [
      "MajorMonth",
      "EVENT"
    ],
    [
      "Minor",
      "PERSON"
    ],
    [
      "X.XX/4.00\nRela te d",
      "PERSON"
    ],
    [
      "State",
      "ORG"
    ],
    [
      "TitleMonth Year - Month Year",
      "DATE"
    ],
    [
      "3",
      "CARDINAL"
    ],
    [
      "rela te",
      "PERSON"
    ],
    [
      "TitleMonth Year - Month Year",
      "DATE"
    ],
    [
      "ProjectCity",
      "ORG"
    ],
    [
      "CourseMonth Year",
      "DATE"
    ],
    [
      "3",
      "CARDINAL"
    ],
    [
      "CAMPUS & COMMUNITY INVOLVEMENT\n",
      "ORG"
    ],
    [
      "Club/Organization",
      "ORG"
    ],
    [
      "2",
      "CARDINAL"
    ],
    [
      "desc",
      "ORG"
    ],
    [
      "ribe",
      "ORG"
    ],
    [
      "ga",
      "ORG"
    ],
    [
      "Simila",
      "PERSON"
    ],
    [
      "Skill 1\u25cfSkill 3\u25cfSkill 5",
      "WORK_OF_ART"
    ],
    [
      "Skill 2\u25cf",
      "LAW"
    ],
    [
      "Month",
      "DATE"
    ],
    [
      "Year",
      "DATE"
    ]
  ],
  "sectionScores": {
    "content": 40,
    "format": 70,
    "sections": 100,
    "style": 50,
    "tailoring": 75
  },
  "spacyScore": 62.29,
  "summaryText": "Your resume is well-structured",
  "topKeywords": [
    [
      "skill",
      14
    ],
    [
      "year",
      9
    ],
    [
      "state",
      8
    ],
    [
      "bullet",
      7
    ],
    [
      "point",
      7
    ],
    [
      "project",
      6
    ],
    [
      "experience",
      4
    ],
    [
      "month",
      4
    ],
    [
      "action",
      4
    ],
    [
      "verb",
      4
    ]
  ],
  "wordCount": 396
}

